<?xml version="1.0" encoding="UTF-8"?>
<!-- Generated by org.testng.reporters.JUnitXMLReporter -->
<testsuite hostname="Ron-Laptop" ignored="0" name="Command line test" tests="3" failures="0" timestamp="14 Oct 2017 05:01:22 GMT" time="149.675" errors="0">
  <testcase name="editSimNickName" time="28.844" classname="demo.settingstest.SettingsIT"/>
  <testcase name="setCallForwardingOption" time="23.542" classname="demo.settingstest.SettingsIT"/>
  <testcase name="setCallSettingsOptions" time="28.13" classname="demo.settingstest.SettingsIT"/>
</testsuite> <!-- Command line test -->
